INFO  2014-10-14 00:24:04,429 (org.springframework.web.context.ContextLoader:273) - Root WebApplicationContext: initialization started
INFO  2014-10-14 00:24:04,432 (org.springframework.web.context.support.AnnotationConfigWebApplicationContext:510) - Refreshing Root WebApplicationContext: startup date [Tue Oct 14 00:24:04 EEST 2014]; root of context hierarchy
INFO  2014-10-14 00:24:04,573 (org.springframework.web.context.support.AnnotationConfigWebApplicationContext:209) - Registering annotated classes: [class com.juls.rest.configuration.WebAppConfig]
INFO  2014-10-14 00:24:05,119 (org.springframework.beans.factory.support.DefaultListableBeanFactory:598) - Pre-instantiating singletons in org.springframework.beans.factory.support.DefaultListableBeanFactory@38e2114f: defining beans [org.springframework.context.annotation.internalConfigurationAnnotationProcessor,org.springframework.context.annotation.internalAutowiredAnnotationProcessor,org.springframework.context.annotation.internalRequiredAnnotationProcessor,org.springframework.context.annotation.internalCommonAnnotationProcessor,webAppConfig,org.springframework.context.annotation.ConfigurationClassPostProcessor.importAwareProcessor,cartController,loginController,goodsController,userController,registrationController,staticPageController,orderController,signOutController,testDataController,goodsService,userService,orderService,redirector,registrationService,good,order,user,userDetails,org.springframework.web.servlet.config.annotation.DelegatingWebMvcConfiguration,handlerExceptionResolver,mvcConversionService,mvcValidator,httpRequestHandlerAdapter,simpleControllerHandlerAdapter,viewControllerHandlerMapping,beanNameHandlerMapping,resourceHandlerMapping,defaultServletHandlerMapping,requestMappingHandlerAdapter,requestMappingHandlerMapping,mvcContentNegotiationManager]; root of factory hierarchy
INFO  2014-10-14 00:24:05,561 (org.hibernate.annotations.common.Version:66) - HCANN000001: Hibernate Commons Annotations {4.0.4.Final}
INFO  2014-10-14 00:24:05,585 (org.hibernate.Version:54) - HHH000412: Hibernate Core {4.3.5.Final}
INFO  2014-10-14 00:24:05,590 (org.hibernate.cfg.Environment:239) - HHH000206: hibernate.properties not found
INFO  2014-10-14 00:24:05,594 (org.hibernate.cfg.Environment:346) - HHH000021: Bytecode provider name : javassist
INFO  2014-10-14 00:24:05,663 (org.hibernate.cfg.Configuration:2073) - HHH000043: Configuring from resource: /hibernate.cfg.xml
INFO  2014-10-14 00:24:05,664 (org.hibernate.cfg.Configuration:2092) - HHH000040: Configuration resource: /hibernate.cfg.xml
INFO  2014-10-14 00:24:05,768 (org.hibernate.cfg.Configuration:2214) - HHH000041: Configured SessionFactory: null
WARN  2014-10-14 00:24:06,013 (org.hibernate.engine.jdbc.connections.internal.DriverManagerConnectionProviderImpl:93) - HHH000402: Using Hibernate built-in connection pool (not for production use!)
INFO  2014-10-14 00:24:06,019 (org.hibernate.engine.jdbc.connections.internal.DriverManagerConnectionProviderImpl:166) - HHH000401: using driver [com.mysql.jdbc.Driver] at URL [jdbc:mysql://localhost:3306/juls]
INFO  2014-10-14 00:24:06,020 (org.hibernate.engine.jdbc.connections.internal.DriverManagerConnectionProviderImpl:175) - HHH000046: Connection properties: {user=root, password=****}
INFO  2014-10-14 00:24:06,020 (org.hibernate.engine.jdbc.connections.internal.DriverManagerConnectionProviderImpl:180) - HHH000006: Autocommit mode: false
INFO  2014-10-14 00:24:06,024 (org.hibernate.engine.jdbc.connections.internal.DriverManagerConnectionProviderImpl:102) - HHH000115: Hibernate connection pool size: 10 (min=1)
INFO  2014-10-14 00:24:06,304 (org.hibernate.dialect.Dialect:145) - HHH000400: Using dialect: org.hibernate.dialect.MySQL5Dialect
WARN  2014-10-14 00:24:06,784 (org.hibernate.mapping.RootClass:288) - HHH000038: Composite-id class does not override equals(): com.juls.model.CartGoodId
WARN  2014-10-14 00:24:06,784 (org.hibernate.mapping.RootClass:289) - HHH000039: Composite-id class does not override hashCode(): com.juls.model.CartGoodId
INFO  2014-10-14 00:24:06,803 (org.hibernate.engine.transaction.internal.TransactionFactoryInitiator:62) - HHH000399: Using default transaction strategy (direct JDBC transactions)
INFO  2014-10-14 00:24:06,817 (org.hibernate.hql.internal.ast.ASTQueryTranslatorFactory:47) - HHH000397: Using ASTQueryTranslatorFactory
INFO  2014-10-14 00:24:07,758 (org.hibernate.tool.hbm2ddl.SchemaValidator:137) - HHH000229: Running schema validator
INFO  2014-10-14 00:24:07,758 (org.hibernate.tool.hbm2ddl.SchemaValidator:145) - HHH000102: Fetching database metadata
INFO  2014-10-14 00:24:07,780 (org.hibernate.tool.hbm2ddl.TableMetadata:66) - HHH000261: Table found: juls.cart
INFO  2014-10-14 00:24:07,781 (org.hibernate.tool.hbm2ddl.TableMetadata:67) - HHH000037: Columns: [cart_id, status, total_price]
INFO  2014-10-14 00:24:07,786 (org.hibernate.tool.hbm2ddl.TableMetadata:66) - HHH000261: Table found: juls.cart_to_good
INFO  2014-10-14 00:24:07,786 (org.hibernate.tool.hbm2ddl.TableMetadata:67) - HHH000037: Columns: [good_amount, id_good, id_cart]
INFO  2014-10-14 00:24:07,793 (org.hibernate.tool.hbm2ddl.TableMetadata:66) - HHH000261: Table found: juls.good
INFO  2014-10-14 00:24:07,794 (org.hibernate.tool.hbm2ddl.TableMetadata:67) - HHH000037: Columns: [mass, id, price, description, name, composition, type]
INFO  2014-10-14 00:24:07,801 (org.hibernate.tool.hbm2ddl.TableMetadata:66) - HHH000261: Table found: juls.orders
INFO  2014-10-14 00:24:07,801 (org.hibernate.tool.hbm2ddl.TableMetadata:67) - HHH000037: Columns: [cart_id, numb, status, user_id, payment_type, orders_id]
INFO  2014-10-14 00:24:07,808 (org.hibernate.tool.hbm2ddl.TableMetadata:66) - HHH000261: Table found: juls.user
INFO  2014-10-14 00:24:07,809 (org.hibernate.tool.hbm2ddl.TableMetadata:67) - HHH000037: Columns: [id, token, email, usercart_cart_id, additionalinfo_id, reg_status, password]
INFO  2014-10-14 00:24:07,816 (org.hibernate.tool.hbm2ddl.TableMetadata:66) - HHH000261: Table found: juls.userdetails
INFO  2014-10-14 00:24:07,816 (org.hibernate.tool.hbm2ddl.TableMetadata:67) - HHH000037: Columns: [id, address, mobilephonenumber, lastname, firstname]
INFO  2014-10-14 00:24:08,420 (org.springframework.web.servlet.handler.SimpleUrlHandlerMapping:315) - Mapped URL path [/static/**] onto handler of type [class org.springframework.web.servlet.resource.ResourceHttpRequestHandler]
INFO  2014-10-14 00:24:08,557 (org.springframework.web.servlet.mvc.method.annotation.RequestMappingHandlerMapping:179) - Mapped "{[/cart/put/{itemUUID}],methods=[PUT],params=[],headers=[],consumes=[],produces=[application/json],custom=[]}" onto public java.lang.String com.juls.rest.controllers.cart.CartController.addToCart(java.lang.String)
INFO  2014-10-14 00:24:08,558 (org.springframework.web.servlet.mvc.method.annotation.RequestMappingHandlerMapping:179) - Mapped "{[/cart/all],methods=[GET],params=[],headers=[],consumes=[],produces=[application/json],custom=[]}" onto public java.lang.String com.juls.rest.controllers.cart.CartController.showAllItems()
INFO  2014-10-14 00:24:08,558 (org.springframework.web.servlet.mvc.method.annotation.RequestMappingHandlerMapping:179) - Mapped "{[/cart/change],methods=[POST],params=[],headers=[],consumes=[application/json],produces=[application/json],custom=[]}" onto public java.lang.String com.juls.rest.controllers.cart.CartController.changeGoodAmount(com.juls.rest.dto.CartStateDeltaDTO)
INFO  2014-10-14 00:24:08,560 (org.springframework.web.servlet.mvc.method.annotation.RequestMappingHandlerMapping:179) - Mapped "{[/cart/item/delete],methods=[POST],params=[],headers=[],consumes=[application/json],produces=[application/json],custom=[]}" onto public java.lang.String com.juls.rest.controllers.cart.CartController.deleteItemFromCart(com.juls.rest.dto.CartItemDTO)
INFO  2014-10-14 00:24:08,560 (org.springframework.web.servlet.mvc.method.annotation.RequestMappingHandlerMapping:179) - Mapped "{[/cart/{cartUUID}/price],methods=[GET],params=[],headers=[],consumes=[],produces=[application/json],custom=[]}" onto public java.lang.String com.juls.rest.controllers.cart.CartController.getTotalPrice(java.lang.String)
INFO  2014-10-14 00:24:08,561 (org.springframework.web.servlet.mvc.method.annotation.RequestMappingHandlerMapping:179) - Mapped "{[/cart/order],methods=[POST],params=[],headers=[],consumes=[],produces=[application/json || */*],custom=[]}" onto public java.lang.String com.juls.rest.controllers.cart.CartController.createOrder()
INFO  2014-10-14 00:24:08,562 (org.springframework.web.servlet.mvc.method.annotation.RequestMappingHandlerMapping:179) - Mapped "{[/login/user],methods=[POST],params=[],headers=[],consumes=[],produces=[application/json],custom=[]}" onto public java.lang.String com.juls.rest.controllers.login.LoginController.userLogin(javax.servlet.http.HttpSession,java.lang.String,java.lang.String,boolean)
INFO  2014-10-14 00:24:08,567 (org.springframework.web.servlet.mvc.method.annotation.RequestMappingHandlerMapping:179) - Mapped "{[/goods/all],methods=[GET],params=[],headers=[],consumes=[],produces=[application/json],custom=[]}" onto public java.util.List<com.juls.model.Good> com.juls.rest.controllers.login.GoodsController.getAllGoods()
INFO  2014-10-14 00:24:08,568 (org.springframework.web.servlet.mvc.method.annotation.RequestMappingHandlerMapping:179) - Mapped "{[/goods/byCat/{category}],methods=[GET],params=[],headers=[],consumes=[],produces=[application/json],custom=[]}" onto public java.util.List<com.juls.model.Good> com.juls.rest.controllers.login.GoodsController.getGoodsByCategory(java.lang.String)
INFO  2014-10-14 00:24:08,568 (org.springframework.web.servlet.mvc.method.annotation.RequestMappingHandlerMapping:179) - Mapped "{[/goods/chosen],methods=[GET],params=[],headers=[],consumes=[],produces=[application/json],custom=[]}" onto public com.juls.model.Good com.juls.rest.controllers.login.GoodsController.getChosen()
INFO  2014-10-14 00:24:08,569 (org.springframework.web.servlet.mvc.method.annotation.RequestMappingHandlerMapping:179) - Mapped "{[/goods/search/{query}],methods=[GET],params=[],headers=[],consumes=[],produces=[application/json],custom=[]}" onto public java.util.Set<com.juls.model.Good> com.juls.rest.controllers.login.GoodsController.searchForGood(java.lang.String)
INFO  2014-10-14 00:24:08,570 (org.springframework.web.servlet.mvc.method.annotation.RequestMappingHandlerMapping:179) - Mapped "{[/goods/search],methods=[GET],params=[],headers=[],consumes=[],produces=[application/json],custom=[]}" onto public java.util.Set<com.juls.model.Good> com.juls.rest.controllers.login.GoodsController.searchForGood()
INFO  2014-10-14 00:24:08,571 (org.springframework.web.servlet.mvc.method.annotation.RequestMappingHandlerMapping:179) - Mapped "{[/goods/get/{goodId}],methods=[GET],params=[],headers=[],consumes=[],produces=[application/json],custom=[]}" onto public com.juls.model.Good com.juls.rest.controllers.login.GoodsController.get(java.lang.String)
INFO  2014-10-14 00:24:08,571 (org.springframework.web.servlet.mvc.method.annotation.RequestMappingHandlerMapping:179) - Mapped "{[/goods/sort],methods=[GET],params=[],headers=[],consumes=[],produces=[application/json],custom=[]}" onto public java.util.Set<com.juls.model.Good> com.juls.rest.controllers.login.GoodsController.sort(java.lang.String,java.lang.String,java.lang.String,java.lang.String)
INFO  2014-10-14 00:24:08,573 (org.springframework.web.servlet.mvc.method.annotation.RequestMappingHandlerMapping:179) - Mapped "{[/user/curr],methods=[GET],params=[],headers=[],consumes=[],produces=[application/json],custom=[]}" onto public com.juls.model.User com.juls.rest.controllers.login.UserController.getUser()
INFO  2014-10-14 00:24:08,574 (org.springframework.web.servlet.mvc.method.annotation.RequestMappingHandlerMapping:179) - Mapped "{[/user/update],methods=[POST],params=[],headers=[],consumes=[],produces=[application/json || */*],custom=[]}" onto public java.lang.String com.juls.rest.controllers.login.UserController.updateUserInfo(java.lang.String,java.lang.String,java.lang.String,java.lang.String,java.lang.String,java.lang.String,java.lang.String,java.lang.String)
INFO  2014-10-14 00:24:08,577 (org.springframework.web.servlet.mvc.method.annotation.RequestMappingHandlerMapping:179) - Mapped "{[/new/validate/{userToken}],methods=[GET],params=[],headers=[],consumes=[],produces=[application/json],custom=[]}" onto public java.lang.String com.juls.rest.controllers.login.RegistrationController.validate(java.lang.String)
INFO  2014-10-14 00:24:08,577 (org.springframework.web.servlet.mvc.method.annotation.RequestMappingHandlerMapping:179) - Mapped "{[/new/user],methods=[POST],params=[],headers=[],consumes=[],produces=[application/json || */*],custom=[]}" onto public java.lang.String com.juls.rest.controllers.login.RegistrationController.register(java.lang.String,java.lang.String,java.lang.String)
INFO  2014-10-14 00:24:08,578 (org.springframework.web.servlet.mvc.method.annotation.RequestMappingHandlerMapping:179) - Mapped "{[/{pageName:.*\.html*}],methods=[GET],params=[],headers=[],consumes=[],produces=[],custom=[]}" onto public java.lang.String com.juls.rest.controllers.statics.StaticPageController.redirectToPage(java.lang.String)
INFO  2014-10-14 00:24:08,579 (org.springframework.web.servlet.mvc.method.annotation.RequestMappingHandlerMapping:179) - Mapped "{[/order/confirm],methods=[GET],params=[],headers=[],consumes=[],produces=[application/json],custom=[]}" onto public java.lang.String com.juls.rest.controllers.order.OrderController.showAllItems()
INFO  2014-10-14 00:24:08,580 (org.springframework.web.servlet.mvc.method.annotation.RequestMappingHandlerMapping:179) - Mapped "{[/signout],methods=[GET],params=[],headers=[],consumes=[],produces=[application/json],custom=[]}" onto public java.lang.String com.juls.rest.controllers.sign.SignOutController.signOut(javax.servlet.http.HttpSession)
INFO  2014-10-14 00:24:08,581 (org.springframework.web.servlet.mvc.method.annotation.RequestMappingHandlerMapping:179) - Mapped "{[/testdata/insert],methods=[GET],params=[],headers=[],consumes=[],produces=[text/html],custom=[]}" onto public java.lang.String com.juls.rest.util.TestDataController.insertUsers()
INFO  2014-10-14 00:24:08,582 (org.springframework.web.servlet.mvc.method.annotation.RequestMappingHandlerMapping:179) - Mapped "{[/testdata/goods],methods=[GET],params=[],headers=[],consumes=[],produces=[text/html],custom=[]}" onto public java.lang.String com.juls.rest.util.TestDataController.insertData()
INFO  2014-10-14 00:24:08,593 (org.springframework.web.context.ContextLoader:313) - Root WebApplicationContext: initialization completed in 4161 ms
INFO  2014-10-14 00:24:08,636 (org.springframework.web.servlet.DispatcherServlet:454) - FrameworkServlet 'dispatcher': initialization started
INFO  2014-10-14 00:24:08,705 (org.springframework.web.servlet.DispatcherServlet:473) - FrameworkServlet 'dispatcher': initialization completed in 69 ms
WARN  2014-10-14 00:24:08,857 (org.springframework.web.servlet.PageNotFound:1108) - No mapping found for HTTP request with URI [/] in DispatcherServlet with name 'dispatcher'
WARN  2014-10-14 00:24:10,375 (org.springframework.web.servlet.PageNotFound:1108) - No mapping found for HTTP request with URI [/] in DispatcherServlet with name 'dispatcher'
INFO  2014-10-14 00:24:17,890 (org.hibernate.cfg.Configuration:2073) - HHH000043: Configuring from resource: /hibernate.cfg.xml
INFO  2014-10-14 00:24:17,892 (org.hibernate.cfg.Configuration:2092) - HHH000040: Configuration resource: /hibernate.cfg.xml
INFO  2014-10-14 00:24:17,901 (org.hibernate.cfg.Configuration:2214) - HHH000041: Configured SessionFactory: null
WARN  2014-10-14 00:24:17,912 (org.hibernate.engine.jdbc.connections.internal.DriverManagerConnectionProviderImpl:93) - HHH000402: Using Hibernate built-in connection pool (not for production use!)
INFO  2014-10-14 00:24:17,914 (org.hibernate.engine.jdbc.connections.internal.DriverManagerConnectionProviderImpl:166) - HHH000401: using driver [com.mysql.jdbc.Driver] at URL [jdbc:mysql://localhost:3306/juls]
INFO  2014-10-14 00:24:17,915 (org.hibernate.engine.jdbc.connections.internal.DriverManagerConnectionProviderImpl:175) - HHH000046: Connection properties: {user=root, password=****}
INFO  2014-10-14 00:24:17,915 (org.hibernate.engine.jdbc.connections.internal.DriverManagerConnectionProviderImpl:180) - HHH000006: Autocommit mode: false
INFO  2014-10-14 00:24:17,915 (org.hibernate.engine.jdbc.connections.internal.DriverManagerConnectionProviderImpl:102) - HHH000115: Hibernate connection pool size: 10 (min=1)
INFO  2014-10-14 00:24:17,945 (org.hibernate.dialect.Dialect:145) - HHH000400: Using dialect: org.hibernate.dialect.MySQL5Dialect
WARN  2014-10-14 00:24:17,982 (org.hibernate.mapping.RootClass:288) - HHH000038: Composite-id class does not override equals(): com.juls.model.CartGoodId
WARN  2014-10-14 00:24:17,983 (org.hibernate.mapping.RootClass:289) - HHH000039: Composite-id class does not override hashCode(): com.juls.model.CartGoodId
INFO  2014-10-14 00:24:17,989 (org.hibernate.engine.transaction.internal.TransactionFactoryInitiator:62) - HHH000399: Using default transaction strategy (direct JDBC transactions)
INFO  2014-10-14 00:24:17,990 (org.hibernate.hql.internal.ast.ASTQueryTranslatorFactory:47) - HHH000397: Using ASTQueryTranslatorFactory
INFO  2014-10-14 00:24:18,054 (org.hibernate.tool.hbm2ddl.SchemaValidator:137) - HHH000229: Running schema validator
INFO  2014-10-14 00:24:18,054 (org.hibernate.tool.hbm2ddl.SchemaValidator:145) - HHH000102: Fetching database metadata
INFO  2014-10-14 00:24:18,060 (org.hibernate.tool.hbm2ddl.TableMetadata:66) - HHH000261: Table found: juls.cart
INFO  2014-10-14 00:24:18,060 (org.hibernate.tool.hbm2ddl.TableMetadata:67) - HHH000037: Columns: [cart_id, status, total_price]
INFO  2014-10-14 00:24:18,065 (org.hibernate.tool.hbm2ddl.TableMetadata:66) - HHH000261: Table found: juls.cart_to_good
INFO  2014-10-14 00:24:18,066 (org.hibernate.tool.hbm2ddl.TableMetadata:67) - HHH000037: Columns: [good_amount, id_good, id_cart]
INFO  2014-10-14 00:24:18,072 (org.hibernate.tool.hbm2ddl.TableMetadata:66) - HHH000261: Table found: juls.good
INFO  2014-10-14 00:24:18,072 (org.hibernate.tool.hbm2ddl.TableMetadata:67) - HHH000037: Columns: [mass, id, price, description, name, composition, type]
INFO  2014-10-14 00:24:18,079 (org.hibernate.tool.hbm2ddl.TableMetadata:66) - HHH000261: Table found: juls.orders
INFO  2014-10-14 00:24:18,079 (org.hibernate.tool.hbm2ddl.TableMetadata:67) - HHH000037: Columns: [cart_id, numb, status, user_id, payment_type, orders_id]
INFO  2014-10-14 00:24:18,088 (org.hibernate.tool.hbm2ddl.TableMetadata:66) - HHH000261: Table found: juls.user
INFO  2014-10-14 00:24:18,088 (org.hibernate.tool.hbm2ddl.TableMetadata:67) - HHH000037: Columns: [id, token, email, usercart_cart_id, additionalinfo_id, reg_status, password]
INFO  2014-10-14 00:24:18,094 (org.hibernate.tool.hbm2ddl.TableMetadata:66) - HHH000261: Table found: juls.userdetails
INFO  2014-10-14 00:24:18,094 (org.hibernate.tool.hbm2ddl.TableMetadata:67) - HHH000037: Columns: [id, address, mobilephonenumber, lastname, firstname]
INFO  2014-10-14 00:24:40,311 (org.hibernate.cfg.Configuration:2073) - HHH000043: Configuring from resource: /hibernate.cfg.xml
INFO  2014-10-14 00:24:40,312 (org.hibernate.cfg.Configuration:2092) - HHH000040: Configuration resource: /hibernate.cfg.xml
INFO  2014-10-14 00:24:40,318 (org.hibernate.cfg.Configuration:2214) - HHH000041: Configured SessionFactory: null
WARN  2014-10-14 00:24:40,326 (org.hibernate.engine.jdbc.connections.internal.DriverManagerConnectionProviderImpl:93) - HHH000402: Using Hibernate built-in connection pool (not for production use!)
INFO  2014-10-14 00:24:40,326 (org.hibernate.engine.jdbc.connections.internal.DriverManagerConnectionProviderImpl:166) - HHH000401: using driver [com.mysql.jdbc.Driver] at URL [jdbc:mysql://localhost:3306/juls]
INFO  2014-10-14 00:24:40,326 (org.hibernate.engine.jdbc.connections.internal.DriverManagerConnectionProviderImpl:175) - HHH000046: Connection properties: {user=root, password=****}
INFO  2014-10-14 00:24:40,327 (org.hibernate.engine.jdbc.connections.internal.DriverManagerConnectionProviderImpl:180) - HHH000006: Autocommit mode: false
INFO  2014-10-14 00:24:40,327 (org.hibernate.engine.jdbc.connections.internal.DriverManagerConnectionProviderImpl:102) - HHH000115: Hibernate connection pool size: 10 (min=1)
INFO  2014-10-14 00:24:40,348 (org.hibernate.dialect.Dialect:145) - HHH000400: Using dialect: org.hibernate.dialect.MySQL5Dialect
WARN  2014-10-14 00:24:40,372 (org.hibernate.mapping.RootClass:288) - HHH000038: Composite-id class does not override equals(): com.juls.model.CartGoodId
WARN  2014-10-14 00:24:40,372 (org.hibernate.mapping.RootClass:289) - HHH000039: Composite-id class does not override hashCode(): com.juls.model.CartGoodId
INFO  2014-10-14 00:24:40,376 (org.hibernate.engine.transaction.internal.TransactionFactoryInitiator:62) - HHH000399: Using default transaction strategy (direct JDBC transactions)
INFO  2014-10-14 00:24:40,376 (org.hibernate.hql.internal.ast.ASTQueryTranslatorFactory:47) - HHH000397: Using ASTQueryTranslatorFactory
INFO  2014-10-14 00:24:40,418 (org.hibernate.tool.hbm2ddl.SchemaValidator:137) - HHH000229: Running schema validator
INFO  2014-10-14 00:24:40,418 (org.hibernate.tool.hbm2ddl.SchemaValidator:145) - HHH000102: Fetching database metadata
INFO  2014-10-14 00:24:40,424 (org.hibernate.tool.hbm2ddl.TableMetadata:66) - HHH000261: Table found: juls.cart
INFO  2014-10-14 00:24:40,425 (org.hibernate.tool.hbm2ddl.TableMetadata:67) - HHH000037: Columns: [cart_id, status, total_price]
INFO  2014-10-14 00:24:40,430 (org.hibernate.tool.hbm2ddl.TableMetadata:66) - HHH000261: Table found: juls.cart_to_good
INFO  2014-10-14 00:24:40,430 (org.hibernate.tool.hbm2ddl.TableMetadata:67) - HHH000037: Columns: [good_amount, id_good, id_cart]
INFO  2014-10-14 00:24:40,441 (org.hibernate.tool.hbm2ddl.TableMetadata:66) - HHH000261: Table found: juls.good
INFO  2014-10-14 00:24:40,441 (org.hibernate.tool.hbm2ddl.TableMetadata:67) - HHH000037: Columns: [mass, id, price, description, name, composition, type]
INFO  2014-10-14 00:24:40,447 (org.hibernate.tool.hbm2ddl.TableMetadata:66) - HHH000261: Table found: juls.orders
INFO  2014-10-14 00:24:40,448 (org.hibernate.tool.hbm2ddl.TableMetadata:67) - HHH000037: Columns: [cart_id, numb, status, user_id, payment_type, orders_id]
INFO  2014-10-14 00:24:40,454 (org.hibernate.tool.hbm2ddl.TableMetadata:66) - HHH000261: Table found: juls.user
INFO  2014-10-14 00:24:40,455 (org.hibernate.tool.hbm2ddl.TableMetadata:67) - HHH000037: Columns: [id, token, email, usercart_cart_id, additionalinfo_id, reg_status, password]
INFO  2014-10-14 00:24:40,459 (org.hibernate.tool.hbm2ddl.TableMetadata:66) - HHH000261: Table found: juls.userdetails
INFO  2014-10-14 00:24:40,460 (org.hibernate.tool.hbm2ddl.TableMetadata:67) - HHH000037: Columns: [id, address, mobilephonenumber, lastname, firstname]
INFO  2014-10-14 00:24:42,059 (org.hibernate.cfg.Configuration:2073) - HHH000043: Configuring from resource: /hibernate.cfg.xml
INFO  2014-10-14 00:24:42,060 (org.hibernate.cfg.Configuration:2092) - HHH000040: Configuration resource: /hibernate.cfg.xml
INFO  2014-10-14 00:24:42,068 (org.hibernate.cfg.Configuration:2214) - HHH000041: Configured SessionFactory: null
WARN  2014-10-14 00:24:42,076 (org.hibernate.engine.jdbc.connections.internal.DriverManagerConnectionProviderImpl:93) - HHH000402: Using Hibernate built-in connection pool (not for production use!)
INFO  2014-10-14 00:24:42,077 (org.hibernate.engine.jdbc.connections.internal.DriverManagerConnectionProviderImpl:166) - HHH000401: using driver [com.mysql.jdbc.Driver] at URL [jdbc:mysql://localhost:3306/juls]
INFO  2014-10-14 00:24:42,077 (org.hibernate.engine.jdbc.connections.internal.DriverManagerConnectionProviderImpl:175) - HHH000046: Connection properties: {user=root, password=****}
INFO  2014-10-14 00:24:42,077 (org.hibernate.engine.jdbc.connections.internal.DriverManagerConnectionProviderImpl:180) - HHH000006: Autocommit mode: false
INFO  2014-10-14 00:24:42,077 (org.hibernate.engine.jdbc.connections.internal.DriverManagerConnectionProviderImpl:102) - HHH000115: Hibernate connection pool size: 10 (min=1)
INFO  2014-10-14 00:24:42,095 (org.hibernate.dialect.Dialect:145) - HHH000400: Using dialect: org.hibernate.dialect.MySQL5Dialect
WARN  2014-10-14 00:24:42,122 (org.hibernate.mapping.RootClass:288) - HHH000038: Composite-id class does not override equals(): com.juls.model.CartGoodId
WARN  2014-10-14 00:24:42,123 (org.hibernate.mapping.RootClass:289) - HHH000039: Composite-id class does not override hashCode(): com.juls.model.CartGoodId
INFO  2014-10-14 00:24:42,126 (org.hibernate.engine.transaction.internal.TransactionFactoryInitiator:62) - HHH000399: Using default transaction strategy (direct JDBC transactions)
INFO  2014-10-14 00:24:42,127 (org.hibernate.hql.internal.ast.ASTQueryTranslatorFactory:47) - HHH000397: Using ASTQueryTranslatorFactory
INFO  2014-10-14 00:24:42,165 (org.hibernate.tool.hbm2ddl.SchemaValidator:137) - HHH000229: Running schema validator
INFO  2014-10-14 00:24:42,165 (org.hibernate.tool.hbm2ddl.SchemaValidator:145) - HHH000102: Fetching database metadata
INFO  2014-10-14 00:24:42,169 (org.hibernate.tool.hbm2ddl.TableMetadata:66) - HHH000261: Table found: juls.cart
INFO  2014-10-14 00:24:42,169 (org.hibernate.tool.hbm2ddl.TableMetadata:67) - HHH000037: Columns: [cart_id, status, total_price]
INFO  2014-10-14 00:24:42,173 (org.hibernate.tool.hbm2ddl.TableMetadata:66) - HHH000261: Table found: juls.cart_to_good
INFO  2014-10-14 00:24:42,173 (org.hibernate.tool.hbm2ddl.TableMetadata:67) - HHH000037: Columns: [good_amount, id_good, id_cart]
INFO  2014-10-14 00:24:42,178 (org.hibernate.tool.hbm2ddl.TableMetadata:66) - HHH000261: Table found: juls.good
INFO  2014-10-14 00:24:42,178 (org.hibernate.tool.hbm2ddl.TableMetadata:67) - HHH000037: Columns: [mass, id, price, description, name, composition, type]
INFO  2014-10-14 00:24:42,184 (org.hibernate.tool.hbm2ddl.TableMetadata:66) - HHH000261: Table found: juls.orders
INFO  2014-10-14 00:24:42,184 (org.hibernate.tool.hbm2ddl.TableMetadata:67) - HHH000037: Columns: [cart_id, numb, status, user_id, payment_type, orders_id]
INFO  2014-10-14 00:24:42,192 (org.hibernate.tool.hbm2ddl.TableMetadata:66) - HHH000261: Table found: juls.user
INFO  2014-10-14 00:24:42,192 (org.hibernate.tool.hbm2ddl.TableMetadata:67) - HHH000037: Columns: [id, token, email, usercart_cart_id, additionalinfo_id, reg_status, password]
INFO  2014-10-14 00:24:42,198 (org.hibernate.tool.hbm2ddl.TableMetadata:66) - HHH000261: Table found: juls.userdetails
INFO  2014-10-14 00:24:42,199 (org.hibernate.tool.hbm2ddl.TableMetadata:67) - HHH000037: Columns: [id, address, mobilephonenumber, lastname, firstname]
INFO  2014-10-14 00:24:42,258 (org.hibernate.cfg.Configuration:2073) - HHH000043: Configuring from resource: /hibernate.cfg.xml
INFO  2014-10-14 00:24:42,259 (org.hibernate.cfg.Configuration:2092) - HHH000040: Configuration resource: /hibernate.cfg.xml
INFO  2014-10-14 00:24:42,265 (org.hibernate.cfg.Configuration:2214) - HHH000041: Configured SessionFactory: null
WARN  2014-10-14 00:24:42,274 (org.hibernate.engine.jdbc.connections.internal.DriverManagerConnectionProviderImpl:93) - HHH000402: Using Hibernate built-in connection pool (not for production use!)
INFO  2014-10-14 00:24:42,274 (org.hibernate.engine.jdbc.connections.internal.DriverManagerConnectionProviderImpl:166) - HHH000401: using driver [com.mysql.jdbc.Driver] at URL [jdbc:mysql://localhost:3306/juls]
INFO  2014-10-14 00:24:42,275 (org.hibernate.engine.jdbc.connections.internal.DriverManagerConnectionProviderImpl:175) - HHH000046: Connection properties: {user=root, password=****}
INFO  2014-10-14 00:24:42,275 (org.hibernate.engine.jdbc.connections.internal.DriverManagerConnectionProviderImpl:180) - HHH000006: Autocommit mode: false
INFO  2014-10-14 00:24:42,275 (org.hibernate.engine.jdbc.connections.internal.DriverManagerConnectionProviderImpl:102) - HHH000115: Hibernate connection pool size: 10 (min=1)
INFO  2014-10-14 00:24:42,293 (org.hibernate.dialect.Dialect:145) - HHH000400: Using dialect: org.hibernate.dialect.MySQL5Dialect
WARN  2014-10-14 00:24:42,316 (org.hibernate.mapping.RootClass:288) - HHH000038: Composite-id class does not override equals(): com.juls.model.CartGoodId
WARN  2014-10-14 00:24:42,316 (org.hibernate.mapping.RootClass:289) - HHH000039: Composite-id class does not override hashCode(): com.juls.model.CartGoodId
INFO  2014-10-14 00:24:42,319 (org.hibernate.engine.transaction.internal.TransactionFactoryInitiator:62) - HHH000399: Using default transaction strategy (direct JDBC transactions)
INFO  2014-10-14 00:24:42,320 (org.hibernate.hql.internal.ast.ASTQueryTranslatorFactory:47) - HHH000397: Using ASTQueryTranslatorFactory
INFO  2014-10-14 00:24:42,358 (org.hibernate.tool.hbm2ddl.SchemaValidator:137) - HHH000229: Running schema validator
INFO  2014-10-14 00:24:42,359 (org.hibernate.tool.hbm2ddl.SchemaValidator:145) - HHH000102: Fetching database metadata
INFO  2014-10-14 00:24:42,363 (org.hibernate.tool.hbm2ddl.TableMetadata:66) - HHH000261: Table found: juls.cart
INFO  2014-10-14 00:24:42,363 (org.hibernate.tool.hbm2ddl.TableMetadata:67) - HHH000037: Columns: [cart_id, status, total_price]
INFO  2014-10-14 00:24:42,368 (org.hibernate.tool.hbm2ddl.TableMetadata:66) - HHH000261: Table found: juls.cart_to_good
INFO  2014-10-14 00:24:42,368 (org.hibernate.tool.hbm2ddl.TableMetadata:67) - HHH000037: Columns: [good_amount, id_good, id_cart]
INFO  2014-10-14 00:24:42,373 (org.hibernate.tool.hbm2ddl.TableMetadata:66) - HHH000261: Table found: juls.good
INFO  2014-10-14 00:24:42,373 (org.hibernate.tool.hbm2ddl.TableMetadata:67) - HHH000037: Columns: [mass, id, price, description, name, composition, type]
INFO  2014-10-14 00:24:42,379 (org.hibernate.tool.hbm2ddl.TableMetadata:66) - HHH000261: Table found: juls.orders
INFO  2014-10-14 00:24:42,379 (org.hibernate.tool.hbm2ddl.TableMetadata:67) - HHH000037: Columns: [cart_id, numb, status, user_id, payment_type, orders_id]
INFO  2014-10-14 00:24:42,384 (org.hibernate.tool.hbm2ddl.TableMetadata:66) - HHH000261: Table found: juls.user
INFO  2014-10-14 00:24:42,385 (org.hibernate.tool.hbm2ddl.TableMetadata:67) - HHH000037: Columns: [id, token, email, usercart_cart_id, additionalinfo_id, reg_status, password]
INFO  2014-10-14 00:24:42,391 (org.hibernate.tool.hbm2ddl.TableMetadata:66) - HHH000261: Table found: juls.userdetails
INFO  2014-10-14 00:24:42,392 (org.hibernate.tool.hbm2ddl.TableMetadata:67) - HHH000037: Columns: [id, address, mobilephonenumber, lastname, firstname]
INFO  2014-10-14 00:24:45,453 (org.hibernate.cfg.Configuration:2073) - HHH000043: Configuring from resource: /hibernate.cfg.xml
INFO  2014-10-14 00:24:45,453 (org.hibernate.cfg.Configuration:2092) - HHH000040: Configuration resource: /hibernate.cfg.xml
INFO  2014-10-14 00:24:45,459 (org.hibernate.cfg.Configuration:2214) - HHH000041: Configured SessionFactory: null
WARN  2014-10-14 00:24:45,466 (org.hibernate.engine.jdbc.connections.internal.DriverManagerConnectionProviderImpl:93) - HHH000402: Using Hibernate built-in connection pool (not for production use!)
INFO  2014-10-14 00:24:45,466 (org.hibernate.engine.jdbc.connections.internal.DriverManagerConnectionProviderImpl:166) - HHH000401: using driver [com.mysql.jdbc.Driver] at URL [jdbc:mysql://localhost:3306/juls]
INFO  2014-10-14 00:24:45,467 (org.hibernate.engine.jdbc.connections.internal.DriverManagerConnectionProviderImpl:175) - HHH000046: Connection properties: {user=root, password=****}
INFO  2014-10-14 00:24:45,467 (org.hibernate.engine.jdbc.connections.internal.DriverManagerConnectionProviderImpl:180) - HHH000006: Autocommit mode: false
INFO  2014-10-14 00:24:45,467 (org.hibernate.engine.jdbc.connections.internal.DriverManagerConnectionProviderImpl:102) - HHH000115: Hibernate connection pool size: 10 (min=1)
INFO  2014-10-14 00:24:45,485 (org.hibernate.dialect.Dialect:145) - HHH000400: Using dialect: org.hibernate.dialect.MySQL5Dialect
WARN  2014-10-14 00:24:45,507 (org.hibernate.mapping.RootClass:288) - HHH000038: Composite-id class does not override equals(): com.juls.model.CartGoodId
WARN  2014-10-14 00:24:45,508 (org.hibernate.mapping.RootClass:289) - HHH000039: Composite-id class does not override hashCode(): com.juls.model.CartGoodId
INFO  2014-10-14 00:24:45,511 (org.hibernate.engine.transaction.internal.TransactionFactoryInitiator:62) - HHH000399: Using default transaction strategy (direct JDBC transactions)
INFO  2014-10-14 00:24:45,511 (org.hibernate.hql.internal.ast.ASTQueryTranslatorFactory:47) - HHH000397: Using ASTQueryTranslatorFactory
INFO  2014-10-14 00:24:45,561 (org.hibernate.tool.hbm2ddl.SchemaValidator:137) - HHH000229: Running schema validator
INFO  2014-10-14 00:24:45,561 (org.hibernate.tool.hbm2ddl.SchemaValidator:145) - HHH000102: Fetching database metadata
INFO  2014-10-14 00:24:45,565 (org.hibernate.tool.hbm2ddl.TableMetadata:66) - HHH000261: Table found: juls.cart
INFO  2014-10-14 00:24:45,565 (org.hibernate.tool.hbm2ddl.TableMetadata:67) - HHH000037: Columns: [cart_id, status, total_price]
INFO  2014-10-14 00:24:45,569 (org.hibernate.tool.hbm2ddl.TableMetadata:66) - HHH000261: Table found: juls.cart_to_good
INFO  2014-10-14 00:24:45,569 (org.hibernate.tool.hbm2ddl.TableMetadata:67) - HHH000037: Columns: [good_amount, id_good, id_cart]
INFO  2014-10-14 00:24:45,576 (org.hibernate.tool.hbm2ddl.TableMetadata:66) - HHH000261: Table found: juls.good
INFO  2014-10-14 00:24:45,576 (org.hibernate.tool.hbm2ddl.TableMetadata:67) - HHH000037: Columns: [mass, id, price, description, name, composition, type]
INFO  2014-10-14 00:24:45,583 (org.hibernate.tool.hbm2ddl.TableMetadata:66) - HHH000261: Table found: juls.orders
INFO  2014-10-14 00:24:45,584 (org.hibernate.tool.hbm2ddl.TableMetadata:67) - HHH000037: Columns: [cart_id, numb, status, user_id, payment_type, orders_id]
INFO  2014-10-14 00:24:45,592 (org.hibernate.tool.hbm2ddl.TableMetadata:66) - HHH000261: Table found: juls.user
INFO  2014-10-14 00:24:45,592 (org.hibernate.tool.hbm2ddl.TableMetadata:67) - HHH000037: Columns: [id, token, email, usercart_cart_id, additionalinfo_id, reg_status, password]
INFO  2014-10-14 00:24:45,596 (org.hibernate.tool.hbm2ddl.TableMetadata:66) - HHH000261: Table found: juls.userdetails
INFO  2014-10-14 00:24:45,597 (org.hibernate.tool.hbm2ddl.TableMetadata:67) - HHH000037: Columns: [id, address, mobilephonenumber, lastname, firstname]
INFO  2014-10-14 00:24:45,611 (org.hibernate.event.internal.DefaultLoadEventListener:158) - HHH000327: Error performing load command : org.hibernate.HibernateException: More than one row with the given identifier was found: 0f32e9e4-5e8a-4aa6-a331-04e0fd4fd55b, for class: com.juls.model.Order
WARN  2014-10-14 00:24:45,620 (org.springframework.web.servlet.PageNotFound:1108) - No mapping found for HTTP request with URI [/cart/Failed to create order!] in DispatcherServlet with name 'dispatcher'
INFO  2014-10-14 00:25:30,097 (org.hibernate.cfg.Configuration:2073) - HHH000043: Configuring from resource: /hibernate.cfg.xml
INFO  2014-10-14 00:25:30,097 (org.hibernate.cfg.Configuration:2092) - HHH000040: Configuration resource: /hibernate.cfg.xml
INFO  2014-10-14 00:25:30,103 (org.hibernate.cfg.Configuration:2214) - HHH000041: Configured SessionFactory: null
WARN  2014-10-14 00:25:30,110 (org.hibernate.engine.jdbc.connections.internal.DriverManagerConnectionProviderImpl:93) - HHH000402: Using Hibernate built-in connection pool (not for production use!)
INFO  2014-10-14 00:25:30,110 (org.hibernate.engine.jdbc.connections.internal.DriverManagerConnectionProviderImpl:166) - HHH000401: using driver [com.mysql.jdbc.Driver] at URL [jdbc:mysql://localhost:3306/juls]
INFO  2014-10-14 00:25:30,110 (org.hibernate.engine.jdbc.connections.internal.DriverManagerConnectionProviderImpl:175) - HHH000046: Connection properties: {user=root, password=****}
INFO  2014-10-14 00:25:30,110 (org.hibernate.engine.jdbc.connections.internal.DriverManagerConnectionProviderImpl:180) - HHH000006: Autocommit mode: false
INFO  2014-10-14 00:25:30,111 (org.hibernate.engine.jdbc.connections.internal.DriverManagerConnectionProviderImpl:102) - HHH000115: Hibernate connection pool size: 10 (min=1)
INFO  2014-10-14 00:25:30,125 (org.hibernate.dialect.Dialect:145) - HHH000400: Using dialect: org.hibernate.dialect.MySQL5Dialect
WARN  2014-10-14 00:25:30,141 (org.hibernate.mapping.RootClass:288) - HHH000038: Composite-id class does not override equals(): com.juls.model.CartGoodId
WARN  2014-10-14 00:25:30,142 (org.hibernate.mapping.RootClass:289) - HHH000039: Composite-id class does not override hashCode(): com.juls.model.CartGoodId
INFO  2014-10-14 00:25:30,145 (org.hibernate.engine.transaction.internal.TransactionFactoryInitiator:62) - HHH000399: Using default transaction strategy (direct JDBC transactions)
INFO  2014-10-14 00:25:30,145 (org.hibernate.hql.internal.ast.ASTQueryTranslatorFactory:47) - HHH000397: Using ASTQueryTranslatorFactory
INFO  2014-10-14 00:25:30,182 (org.hibernate.tool.hbm2ddl.SchemaValidator:137) - HHH000229: Running schema validator
INFO  2014-10-14 00:25:30,182 (org.hibernate.tool.hbm2ddl.SchemaValidator:145) - HHH000102: Fetching database metadata
INFO  2014-10-14 00:25:30,186 (org.hibernate.tool.hbm2ddl.TableMetadata:66) - HHH000261: Table found: juls.cart
INFO  2014-10-14 00:25:30,187 (org.hibernate.tool.hbm2ddl.TableMetadata:67) - HHH000037: Columns: [cart_id, status, total_price]
INFO  2014-10-14 00:25:30,192 (org.hibernate.tool.hbm2ddl.TableMetadata:66) - HHH000261: Table found: juls.cart_to_good
INFO  2014-10-14 00:25:30,192 (org.hibernate.tool.hbm2ddl.TableMetadata:67) - HHH000037: Columns: [good_amount, id_good, id_cart]
INFO  2014-10-14 00:25:30,197 (org.hibernate.tool.hbm2ddl.TableMetadata:66) - HHH000261: Table found: juls.good
INFO  2014-10-14 00:25:30,198 (org.hibernate.tool.hbm2ddl.TableMetadata:67) - HHH000037: Columns: [mass, id, price, description, name, composition, type]
INFO  2014-10-14 00:25:30,204 (org.hibernate.tool.hbm2ddl.TableMetadata:66) - HHH000261: Table found: juls.orders
INFO  2014-10-14 00:25:30,204 (org.hibernate.tool.hbm2ddl.TableMetadata:67) - HHH000037: Columns: [cart_id, numb, status, user_id, payment_type, orders_id]
INFO  2014-10-14 00:25:30,211 (org.hibernate.tool.hbm2ddl.TableMetadata:66) - HHH000261: Table found: juls.user
INFO  2014-10-14 00:25:30,211 (org.hibernate.tool.hbm2ddl.TableMetadata:67) - HHH000037: Columns: [id, token, email, usercart_cart_id, additionalinfo_id, reg_status, password]
INFO  2014-10-14 00:25:30,217 (org.hibernate.tool.hbm2ddl.TableMetadata:66) - HHH000261: Table found: juls.userdetails
INFO  2014-10-14 00:25:30,217 (org.hibernate.tool.hbm2ddl.TableMetadata:67) - HHH000037: Columns: [id, address, mobilephonenumber, lastname, firstname]
INFO  2014-10-14 00:25:30,247 (org.hibernate.event.internal.DefaultLoadEventListener:158) - HHH000327: Error performing load command : org.hibernate.HibernateException: More than one row with the given identifier was found: 0f32e9e4-5e8a-4aa6-a331-04e0fd4fd55b, for class: com.juls.model.Order
INFO  2014-10-14 00:25:43,078 (org.hibernate.event.internal.DefaultLoadEventListener:158) - HHH000327: Error performing load command : org.hibernate.HibernateException: More than one row with the given identifier was found: 0f32e9e4-5e8a-4aa6-a331-04e0fd4fd55b, for class: com.juls.model.Order
WARN  2014-10-14 00:25:43,086 (org.springframework.web.servlet.PageNotFound:1108) - No mapping found for HTTP request with URI [/cart/Failed to create order!] in DispatcherServlet with name 'dispatcher'
INFO  2014-10-14 00:25:50,775 (org.springframework.web.context.support.AnnotationConfigWebApplicationContext:1042) - Closing Root WebApplicationContext: startup date [Tue Oct 14 00:24:04 EEST 2014]; root of context hierarchy
INFO  2014-10-14 00:25:50,776 (org.springframework.beans.factory.support.DefaultListableBeanFactory:444) - Destroying singletons in org.springframework.beans.factory.support.DefaultListableBeanFactory@38e2114f: defining beans [org.springframework.context.annotation.internalConfigurationAnnotationProcessor,org.springframework.context.annotation.internalAutowiredAnnotationProcessor,org.springframework.context.annotation.internalRequiredAnnotationProcessor,org.springframework.context.annotation.internalCommonAnnotationProcessor,webAppConfig,org.springframework.context.annotation.ConfigurationClassPostProcessor.importAwareProcessor,cartController,loginController,goodsController,userController,registrationController,staticPageController,orderController,signOutController,testDataController,goodsService,userService,orderService,redirector,registrationService,good,order,user,userDetails,org.springframework.web.servlet.config.annotation.DelegatingWebMvcConfiguration,handlerExceptionResolver,mvcConversionService,mvcValidator,httpRequestHandlerAdapter,simpleControllerHandlerAdapter,viewControllerHandlerMapping,beanNameHandlerMapping,resourceHandlerMapping,defaultServletHandlerMapping,requestMappingHandlerAdapter,requestMappingHandlerMapping,mvcContentNegotiationManager]; root of factory hierarchy
INFO  2014-10-14 00:37:31,384 (org.springframework.web.context.ContextLoader:273) - Root WebApplicationContext: initialization started
INFO  2014-10-14 00:37:31,388 (org.springframework.web.context.support.AnnotationConfigWebApplicationContext:510) - Refreshing Root WebApplicationContext: startup date [Tue Oct 14 00:37:31 EEST 2014]; root of context hierarchy
INFO  2014-10-14 00:37:31,527 (org.springframework.web.context.support.AnnotationConfigWebApplicationContext:209) - Registering annotated classes: [class com.juls.rest.configuration.WebAppConfig]
INFO  2014-10-14 00:37:32,086 (org.springframework.beans.factory.support.DefaultListableBeanFactory:598) - Pre-instantiating singletons in org.springframework.beans.factory.support.DefaultListableBeanFactory@488d3603: defining beans [org.springframework.context.annotation.internalConfigurationAnnotationProcessor,org.springframework.context.annotation.internalAutowiredAnnotationProcessor,org.springframework.context.annotation.internalRequiredAnnotationProcessor,org.springframework.context.annotation.internalCommonAnnotationProcessor,webAppConfig,org.springframework.context.annotation.ConfigurationClassPostProcessor.importAwareProcessor,cartController,loginController,goodsController,userController,registrationController,staticPageController,orderController,signOutController,testDataController,goodsService,userService,orderService,registrationService,good,order,user,userDetails,org.springframework.web.servlet.config.annotation.DelegatingWebMvcConfiguration,handlerExceptionResolver,mvcConversionService,httpRequestHandlerAdapter,simpleControllerHandlerAdapter,mvcContentNegotiationManager,viewControllerHandlerMapping,beanNameHandlerMapping,resourceHandlerMapping,defaultServletHandlerMapping,requestMappingHandlerAdapter,requestMappingHandlerMapping,mvcValidator]; root of factory hierarchy
INFO  2014-10-14 00:37:32,528 (org.hibernate.annotations.common.Version:66) - HCANN000001: Hibernate Commons Annotations {4.0.4.Final}
INFO  2014-10-14 00:37:32,551 (org.hibernate.Version:54) - HHH000412: Hibernate Core {4.3.5.Final}
INFO  2014-10-14 00:37:32,557 (org.hibernate.cfg.Environment:239) - HHH000206: hibernate.properties not found
INFO  2014-10-14 00:37:32,561 (org.hibernate.cfg.Environment:346) - HHH000021: Bytecode provider name : javassist
INFO  2014-10-14 00:37:32,635 (org.hibernate.cfg.Configuration:2073) - HHH000043: Configuring from resource: /hibernate.cfg.xml
INFO  2014-10-14 00:37:32,636 (org.hibernate.cfg.Configuration:2092) - HHH000040: Configuration resource: /hibernate.cfg.xml
INFO  2014-10-14 00:37:32,733 (org.hibernate.cfg.Configuration:2214) - HHH000041: Configured SessionFactory: null
WARN  2014-10-14 00:37:32,992 (org.hibernate.engine.jdbc.connections.internal.DriverManagerConnectionProviderImpl:93) - HHH000402: Using Hibernate built-in connection pool (not for production use!)
INFO  2014-10-14 00:37:33,001 (org.hibernate.engine.jdbc.connections.internal.DriverManagerConnectionProviderImpl:166) - HHH000401: using driver [com.mysql.jdbc.Driver] at URL [jdbc:mysql://localhost:3306/juls]
INFO  2014-10-14 00:37:33,002 (org.hibernate.engine.jdbc.connections.internal.DriverManagerConnectionProviderImpl:175) - HHH000046: Connection properties: {user=root, password=****}
INFO  2014-10-14 00:37:33,002 (org.hibernate.engine.jdbc.connections.internal.DriverManagerConnectionProviderImpl:180) - HHH000006: Autocommit mode: false
INFO  2014-10-14 00:37:33,008 (org.hibernate.engine.jdbc.connections.internal.DriverManagerConnectionProviderImpl:102) - HHH000115: Hibernate connection pool size: 10 (min=1)
INFO  2014-10-14 00:37:33,367 (org.hibernate.dialect.Dialect:145) - HHH000400: Using dialect: org.hibernate.dialect.MySQL5Dialect
WARN  2014-10-14 00:37:33,843 (org.hibernate.mapping.RootClass:288) - HHH000038: Composite-id class does not override equals(): com.juls.model.CartGoodId
WARN  2014-10-14 00:37:33,843 (org.hibernate.mapping.RootClass:289) - HHH000039: Composite-id class does not override hashCode(): com.juls.model.CartGoodId
INFO  2014-10-14 00:37:33,862 (org.hibernate.engine.transaction.internal.TransactionFactoryInitiator:62) - HHH000399: Using default transaction strategy (direct JDBC transactions)
INFO  2014-10-14 00:37:33,878 (org.hibernate.hql.internal.ast.ASTQueryTranslatorFactory:47) - HHH000397: Using ASTQueryTranslatorFactory
INFO  2014-10-14 00:37:34,774 (org.hibernate.tool.hbm2ddl.SchemaValidator:137) - HHH000229: Running schema validator
INFO  2014-10-14 00:37:34,774 (org.hibernate.tool.hbm2ddl.SchemaValidator:145) - HHH000102: Fetching database metadata
INFO  2014-10-14 00:37:34,800 (org.hibernate.tool.hbm2ddl.TableMetadata:66) - HHH000261: Table found: juls.cart
INFO  2014-10-14 00:37:34,801 (org.hibernate.tool.hbm2ddl.TableMetadata:67) - HHH000037: Columns: [cart_id, status, total_price]
INFO  2014-10-14 00:37:34,806 (org.hibernate.tool.hbm2ddl.TableMetadata:66) - HHH000261: Table found: juls.cart_to_good
INFO  2014-10-14 00:37:34,806 (org.hibernate.tool.hbm2ddl.TableMetadata:67) - HHH000037: Columns: [good_amount, id_good, id_cart]
INFO  2014-10-14 00:37:34,813 (org.hibernate.tool.hbm2ddl.TableMetadata:66) - HHH000261: Table found: juls.good
INFO  2014-10-14 00:37:34,813 (org.hibernate.tool.hbm2ddl.TableMetadata:67) - HHH000037: Columns: [mass, id, price, description, name, composition, type]
INFO  2014-10-14 00:37:34,822 (org.hibernate.tool.hbm2ddl.TableMetadata:66) - HHH000261: Table found: juls.orders
INFO  2014-10-14 00:37:34,823 (org.hibernate.tool.hbm2ddl.TableMetadata:67) - HHH000037: Columns: [cart_id, numb, status, user_id, payment_type, orders_id]
INFO  2014-10-14 00:37:34,829 (org.hibernate.tool.hbm2ddl.TableMetadata:66) - HHH000261: Table found: juls.user
INFO  2014-10-14 00:37:34,830 (org.hibernate.tool.hbm2ddl.TableMetadata:67) - HHH000037: Columns: [id, token, email, usercart_cart_id, additionalinfo_id, reg_status, password]
INFO  2014-10-14 00:37:34,836 (org.hibernate.tool.hbm2ddl.TableMetadata:66) - HHH000261: Table found: juls.userdetails
INFO  2014-10-14 00:37:34,836 (org.hibernate.tool.hbm2ddl.TableMetadata:67) - HHH000037: Columns: [id, address, mobilephonenumber, lastname, firstname]
INFO  2014-10-14 00:37:35,389 (org.springframework.web.servlet.handler.SimpleUrlHandlerMapping:315) - Mapped URL path [/static/**] onto handler of type [class org.springframework.web.servlet.resource.ResourceHttpRequestHandler]
INFO  2014-10-14 00:37:35,506 (org.springframework.beans.factory.support.DefaultListableBeanFactory:444) - Destroying singletons in org.springframework.beans.factory.support.DefaultListableBeanFactory@488d3603: defining beans [org.springframework.context.annotation.internalConfigurationAnnotationProcessor,org.springframework.context.annotation.internalAutowiredAnnotationProcessor,org.springframework.context.annotation.internalRequiredAnnotationProcessor,org.springframework.context.annotation.internalCommonAnnotationProcessor,webAppConfig,org.springframework.context.annotation.ConfigurationClassPostProcessor.importAwareProcessor,cartController,loginController,goodsController,userController,registrationController,staticPageController,orderController,signOutController,testDataController,goodsService,userService,orderService,registrationService,good,order,user,userDetails,org.springframework.web.servlet.config.annotation.DelegatingWebMvcConfiguration,handlerExceptionResolver,mvcConversionService,httpRequestHandlerAdapter,simpleControllerHandlerAdapter,mvcContentNegotiationManager,viewControllerHandlerMapping,beanNameHandlerMapping,resourceHandlerMapping,defaultServletHandlerMapping,requestMappingHandlerAdapter,requestMappingHandlerMapping,mvcValidator]; root of factory hierarchy
ERROR 2014-10-14 00:37:35,508 (org.springframework.web.context.ContextLoader:319) - Context initialization failed
org.springframework.beans.factory.BeanCreationException: Error creating bean with name 'requestMappingHandlerMapping' defined in class org.springframework.web.servlet.config.annotation.DelegatingWebMvcConfiguration: Invocation of init method failed; nested exception is java.lang.NoClassDefFoundError: CartStateDeltaDTO
	at org.springframework.beans.factory.support.AbstractAutowireCapableBeanFactory.initializeBean(AbstractAutowireCapableBeanFactory.java:1512)
	at org.springframework.beans.factory.support.AbstractAutowireCapableBeanFactory.doCreateBean(AbstractAutowireCapableBeanFactory.java:521)
	at org.springframework.beans.factory.support.AbstractAutowireCapableBeanFactory.createBean(AbstractAutowireCapableBeanFactory.java:458)
	at org.springframework.beans.factory.support.AbstractBeanFactory$1.getObject(AbstractBeanFactory.java:296)
	at org.springframework.beans.factory.support.DefaultSingletonBeanRegistry.getSingleton(DefaultSingletonBeanRegistry.java:223)
	at org.springframework.beans.factory.support.AbstractBeanFactory.doGetBean(AbstractBeanFactory.java:293)
	at org.springframework.beans.factory.support.AbstractBeanFactory.getBean(AbstractBeanFactory.java:194)
	at org.springframework.beans.factory.support.DefaultListableBeanFactory.preInstantiateSingletons(DefaultListableBeanFactory.java:628)
	at org.springframework.context.support.AbstractApplicationContext.finishBeanFactoryInitialization(AbstractApplicationContext.java:932)
	at org.springframework.context.support.AbstractApplicationContext.refresh(AbstractApplicationContext.java:479)
	at org.springframework.web.context.ContextLoader.configureAndRefreshWebApplicationContext(ContextLoader.java:389)
	at org.springframework.web.context.ContextLoader.initWebApplicationContext(ContextLoader.java:294)
	at org.springframework.web.context.ContextLoaderListener.contextInitialized(ContextLoaderListener.java:112)
	at org.apache.catalina.core.StandardContext.listenerStart(StandardContext.java:4749)
	at org.apache.catalina.core.StandardContext.startInternal(StandardContext.java:5175)
	at org.apache.catalina.util.LifecycleBase.start(LifecycleBase.java:150)
	at org.apache.catalina.core.ContainerBase$StartChild.call(ContainerBase.java:1408)
	at org.apache.catalina.core.ContainerBase$StartChild.call(ContainerBase.java:1398)
	at java.util.concurrent.FutureTask.run(FutureTask.java:262)
	at java.util.concurrent.ThreadPoolExecutor.runWorker(ThreadPoolExecutor.java:1145)
	at java.util.concurrent.ThreadPoolExecutor$Worker.run(ThreadPoolExecutor.java:615)
	at java.lang.Thread.run(Thread.java:745)
Caused by: java.lang.NoClassDefFoundError: CartStateDeltaDTO
	at java.lang.Class.getDeclaredMethods0(Native Method)
	at java.lang.Class.privateGetDeclaredMethods(Class.java:2570)
	at java.lang.Class.getDeclaredMethods(Class.java:1855)
	at org.springframework.util.ReflectionUtils.doWithMethods(ReflectionUtils.java:467)
	at org.springframework.web.method.HandlerMethodSelector.selectMethods(HandlerMethodSelector.java:58)
	at org.springframework.web.servlet.handler.AbstractHandlerMethodMapping.detectHandlerMethods(AbstractHandlerMethodMapping.java:138)
	at org.springframework.web.servlet.handler.AbstractHandlerMethodMapping.initHandlerMethods(AbstractHandlerMethodMapping.java:108)
	at org.springframework.web.servlet.handler.AbstractHandlerMethodMapping.afterPropertiesSet(AbstractHandlerMethodMapping.java:88)
	at org.springframework.web.servlet.mvc.method.annotation.RequestMappingHandlerMapping.afterPropertiesSet(RequestMappingHandlerMapping.java:163)
	at org.springframework.beans.factory.support.AbstractAutowireCapableBeanFactory.invokeInitMethods(AbstractAutowireCapableBeanFactory.java:1571)
	at org.springframework.beans.factory.support.AbstractAutowireCapableBeanFactory.initializeBean(AbstractAutowireCapableBeanFactory.java:1509)
	... 21 more
Caused by: java.lang.ClassNotFoundException: CartStateDeltaDTO
	at org.apache.catalina.loader.WebappClassLoader.loadClass(WebappClassLoader.java:1320)
	at org.apache.catalina.loader.WebappClassLoader.loadClass(WebappClassLoader.java:1173)
	... 32 more
